# JRE version: OpenJDK Runtime Environment (10.0.2+13) (build 10.0.2+13-Ubuntu-1ubuntu0.18.04.4)
# Java VM: OpenJDK 64-Bit Server VM (10.0.2+13-Ubuntu-1ubuntu0.18.04.4, mixed mode, tiered, compressed oops, serial gc, linux-amd64)
Heap:
 def new generation   total 19136K, used 15985K [0x00000000c2400000, 0x00000000c38c0000, 0x00000000d6d50000)
  eden space 17024K,  82% used [0x00000000c2400000, 0x00000000c31aae48, 0x00000000c34a0000)
  from space 2112K,  94% used [0x00000000c36b0000, 0x00000000c38a1940, 0x00000000c38c0000)
  to   space 2112K,   0% used [0x00000000c34a0000, 0x00000000c34a0000, 0x00000000c36b0000)
 tenured generation   total 42368K, used 14493K [0x00000000d6d50000, 0x00000000d96b0000, 0x0000000100000000)
   the space 42368K,  34% used [0x00000000d6d50000, 0x00000000d7b77578, 0x00000000d7b77600, 0x00000000d96b0000)
 Metaspace       used 25087K, capacity 26019K, committed 26368K, reserved 1073152K
  class space    used 3107K, capacity 3528K, committed 3584K, reserved 1048576K
GC Heap History (10 events):
Event: 2,242 GC heap before
{Heap before GC invocations=0 (full 0):
 def new generation   total 19008K, used 16896K [0x00000000c2400000, 0x00000000c38a0000, 0x00000000d6d50000)
  eden space 16896K, 100% used [0x00000000c2400000, 0x00000000c3480000, 0x00000000c3480000)
  from space 2112K,   0% used [0x00000000c3480000, 0x00000000c3480000, 0x00000000c3690000)
  to   space 2112K,   0% used [0x00000000c3690000, 0x00000000c3690000, 0x00000000c38a0000)
 tenured generation   total 42368K, used 0K [0x00000000d6d50000, 0x00000000d96b0000, 0x0000000100000000)
   the space 42368K,   0% used [0x00000000d6d50000, 0x00000000d6d50000, 0x00000000d6d50200, 0x00000000d96b0000)
 Metaspace       used 10379K, capacity 10652K, committed 10880K, reserved 1058816K
  class space    used 982K, capacity 1091K, committed 1152K, reserved 1048576K
}
Event: 2,263 GC heap after
{Heap after GC invocations=1 (full 0):
 def new generation   total 19008K, used 2111K [0x00000000c2400000, 0x00000000c38a0000, 0x00000000d6d50000)
  eden space 16896K,   0% used [0x00000000c2400000, 0x00000000c2400000, 0x00000000c3480000)
  from space 2112K,  99% used [0x00000000c3690000, 0x00000000c389fff8, 0x00000000c38a0000)
  to   space 2112K,   0% used [0x00000000c3480000, 0x00000000c3480000, 0x00000000c3690000)
 tenured generation   total 42368K, used 804K [0x00000000d6d50000, 0x00000000d96b0000, 0x0000000100000000)
   the space 42368K,   1% used [0x00000000d6d50000, 0x00000000d6e19248, 0x00000000d6e19400, 0x00000000d96b0000)
 Metaspace       used 10379K, capacity 10652K, committed 10880K, reserved 1058816K
  class space    used 982K, capacity 1091K, committed 1152K, reserved 1048576K
}
Event: 3,339 GC heap before
{Heap before GC invocations=1 (full 0):
 def new generation   total 19008K, used 19007K [0x00000000c2400000, 0x00000000c38a0000, 0x00000000d6d50000)
  eden space 16896K, 100% used [0x00000000c2400000, 0x00000000c3480000, 0x00000000c3480000)
  from space 2112K,  99% used [0x00000000c3690000, 0x00000000c389fff8, 0x00000000c38a0000)
  to   space 2112K,   0% used [0x00000000c3480000, 0x00000000c3480000, 0x00000000c3690000)
 tenured generation   total 42368K, used 804K [0x00000000d6d50000, 0x00000000d96b0000, 0x0000000100000000)
   the space 42368K,   1% used [0x00000000d6d50000, 0x00000000d6e19248, 0x00000000d6e19400, 0x00000000d96b0000)
 Metaspace       used 14929K, capacity 15305K, committed 15616K, reserved 1062912K
  class space    used 1597K, capacity 1776K, committed 1792K, reserved 1048576K
}
Event: 3,374 GC heap after
{Heap after GC invocations=2 (full 0):
 def new generation   total 19008K, used 1870K [0x00000000c2400000, 0x00000000c38a0000, 0x00000000d6d50000)
  eden space 16896K,   0% used [0x00000000c2400000, 0x00000000c2400000, 0x00000000c3480000)
  from space 2112K,  88% used [0x00000000c3480000, 0x00000000c3653bc8, 0x00000000c3690000)
  to   space 2112K,   0% used [0x00000000c3690000, 0x00000000c3690000, 0x00000000c38a0000)
 tenured generation   total 42368K, used 2888K [0x00000000d6d50000, 0x00000000d96b0000, 0x0000000100000000)
   the space 42368K,   6% used [0x00000000d6d50000, 0x00000000d70221b0, 0x00000000d7022200, 0x00000000d96b0000)
 Metaspace       used 14929K, capacity 15305K, committed 15616K, reserved 1062912K
  class space    used 1597K, capacity 1776K, committed 1792K, reserved 1048576K
}
Event: 4,748 GC heap before
{Heap before GC invocations=2 (full 0):
 def new generation   total 19008K, used 18766K [0x00000000c2400000, 0x00000000c38a0000, 0x00000000d6d50000)
  eden space 16896K, 100% used [0x00000000c2400000, 0x00000000c3480000, 0x00000000c3480000)
  from space 2112K,  88% used [0x00000000c3480000, 0x00000000c3653bc8, 0x00000000c3690000)
  to   space 2112K,   0% used [0x00000000c3690000, 0x00000000c3690000, 0x00000000c38a0000)
 tenured generation   total 42368K, used 2888K [0x00000000d6d50000, 0x00000000d96b0000, 0x0000000100000000)
   the space 42368K,   6% used [0x00000000d6d50000, 0x00000000d70221b0, 0x00000000d7022200, 0x00000000d96b0000)
 Metaspace       used 19998K, capacity 20615K, committed 20992K, reserved 1067008K
  class space    used 2458K, capacity 2723K, committed 2816K, reserved 1048576K
}
Event: 4,774 GC heap after
{Heap after GC invocations=3 (full 0):
 def new generation   total 19008K, used 1618K [0x00000000c2400000, 0x00000000c38a0000, 0x00000000d6d50000)
  eden space 16896K,   0% used [0x00000000c2400000, 0x00000000c2400000, 0x00000000c3480000)
  from space 2112K,  76% used [0x00000000c3690000, 0x00000000c3824908, 0x00000000c38a0000)
  to   space 2112K,   0% used [0x00000000c3480000, 0x00000000c3480000, 0x00000000c3690000)
 tenured generation   total 42368K, used 4632K [0x00000000d6d50000, 0x00000000d96b0000, 0x0000000100000000)
   the space 42368K,  10% used [0x00000000d6d50000, 0x00000000d71d6090, 0x00000000d71d6200, 0x00000000d96b0000)
 Metaspace       used 19998K, capacity 20615K, committed 20992K, reserved 1067008K
  class space    used 2458K, capacity 2723K, committed 2816K, reserved 1048576K
}
Event: 4,936 GC heap before
{Heap before GC invocations=3 (full 0):
 def new generation   total 19008K, used 3076K [0x00000000c2400000, 0x00000000c38a0000, 0x00000000d6d50000)
  eden space 16896K,   8% used [0x00000000c2400000, 0x00000000c256c8f8, 0x00000000c3480000)
  from space 2112K,  76% used [0x00000000c3690000, 0x00000000c3824908, 0x00000000c38a0000)
  to   space 2112K,   0% used [0x00000000c3480000, 0x00000000c3480000, 0x00000000c3690000)
 tenured generation   total 42368K, used 4632K [0x00000000d6d50000, 0x00000000d96b0000, 0x0000000100000000)
   the space 42368K,  10% used [0x00000000d6d50000, 0x00000000d71d6090, 0x00000000d71d6200, 0x00000000d96b0000)
 Metaspace       used 20393K, capacity 21001K, committed 21248K, reserved 1067008K
  class space    used 2499K, capacity 2767K, committed 2816K, reserved 1048576K
}
Event: 5,060 GC heap after
{Heap after GC invocations=4 (full 1):
 def new generation   total 19136K, used 0K [0x00000000c2400000, 0x00000000c38c0000, 0x00000000d6d50000)
  eden space 17024K,   0% used [0x00000000c2400000, 0x00000000c2400000, 0x00000000c34a0000)
  from space 2112K,   0% used [0x00000000c34a0000, 0x00000000c34a0000, 0x00000000c36b0000)
  to   space 2112K,   0% used [0x00000000c36b0000, 0x00000000c36b0000, 0x00000000c38c0000)
 tenured generation   total 42368K, used 6301K [0x00000000d6d50000, 0x00000000d96b0000, 0x0000000100000000)
   the space 42368K,  14% used [0x00000000d6d50000, 0x00000000d7377568, 0x00000000d7377600, 0x00000000d96b0000)
 Metaspace       used 20393K, capacity 21001K, committed 21248K, reserved 1067008K
  class space    used 2499K, capacity 2767K, committed 2816K, reserved 1048576K
}
Event: 9,365 GC heap before
{Heap before GC invocations=4 (full 1):
 def new generation   total 19136K, used 17024K [0x00000000c2400000, 0x00000000c38c0000, 0x00000000d6d50000)
  eden space 17024K, 100% used [0x00000000c2400000, 0x00000000c34a0000, 0x00000000c34a0000)
  from space 2112K,   0% used [0x00000000c34a0000, 0x00000000c34a0000, 0x00000000c36b0000)
  to   space 2112K,   0% used [0x00000000c36b0000, 0x00000000c36b0000, 0x00000000c38c0000)
 tenured generation   total 42368K, used 6301K [0x00000000d6d50000, 0x00000000d96b0000, 0x0000000100000000)
   the space 42368K,  14% used [0x00000000d6d50000, 0x00000000d7377568, 0x00000000d7377600, 0x00000000d96b0000)
 Metaspace       used 22376K, capacity 23056K, committed 23296K, reserved 1069056K
  class space    used 2762K, capacity 3072K, committed 3072K, reserved 1048576K
}
Event: 9,373 GC heap after
{Heap after GC invocations=5 (full 1):
 def new generation   total 19136K, used 1990K [0x00000000c2400000, 0x00000000c38c0000, 0x00000000d6d50000)
  eden space 17024K,   0% used [0x00000000c2400000, 0x00000000c2400000, 0x00000000c34a0000)
  from space 2112K,  94% used [0x00000000c36b0000, 0x00000000c38a1940, 0x00000000c38c0000)
  to   space 2112K,   0% used [0x00000000c34a0000, 0x00000000c34a0000, 0x00000000c36b0000)
 tenured generation   total 42368K, used 14493K [0x00000000d6d50000, 0x00000000d96b0000, 0x0000000100000000)
   the space 42368K,  34% used [0x00000000d6d50000, 0x00000000d7b77578, 0x00000000d7b77600, 0x00000000d96b0000)
 Metaspace       used 22376K, capacity 23056K, committed 23296K, reserved 1069056K
  class space    used 2762K, capacity 3072K, committed 3072K, reserved 1048576K
}

